<?xml version="1.0" encoding="UTF-8"?>
<testsuite name="ParcelTest" tests="1" skipped="0" failures="0" errors="0" timestamp="2016-04-25T18:35:33" hostname="epicodus-31.local" time="0.0">
  <properties/>
  <testcase name="Parcel_isDimensionAndWeight_true" classname="ParcelTest" time="0.0"/>
  <system-out><![CDATA[]]></system-out>
  <system-err><![CDATA[]]></system-err>
</testsuite>
