<?xml version="1.0" encoding="UTF-8"?>
<testsuite name="AppTest" tests="3" skipped="0" failures="0" errors="0" timestamp="2016-04-25T21:17:51" hostname="epicodus-31.local" time="0.406">
  <properties/>
  <testcase name="rootTest" classname="AppTest" time="0.284"/>
  <testcase name="nameTest" classname="AppTest" time="0.068"/>
  <testcase name="squareTestIsASquare" classname="AppTest" time="0.042"/>
  <system-out><![CDATA[]]></system-out>
  <system-err><![CDATA[[Thread-4] INFO org.eclipse.jetty.util.log - Logging initialized @550ms
[Thread-4] INFO spark.webserver.JettySparkServer - == Spark has ignited ...
[Thread-4] INFO spark.webserver.JettySparkServer - >> Listening on 0.0.0.0:4567
[Thread-4] INFO org.eclipse.jetty.server.Server - jetty-9.3.2.v20150730
[Thread-4] INFO org.eclipse.jetty.server.ServerConnector - Started ServerConnector@69618c8d{HTTP/1.1,[http/1.1]}{0.0.0.0:4567}
[Thread-4] INFO org.eclipse.jetty.server.Server - Started @647ms
[Test worker] INFO spark.webserver.JettySparkServer - >>> Spark shutting down ...
[Test worker] INFO org.eclipse.jetty.server.ServerConnector - Stopped ServerConnector@69618c8d{HTTP/1.1,[http/1.1]}{0.0.0.0:4567}
[Test worker] INFO spark.webserver.JettySparkServer - done
]]></system-err>
</testsuite>
